<?xml version="1.0" encoding="UTF-8"?>
<!-- Generated by org.testng.reporters.JUnitXMLReporter -->
<testsuite ignored="0" hostname="DESKTOP-2978KLT" failures="0" tests="4" name="Test" time="160.647" errors="0" timestamp="2023-01-30T18:17:58 IST">
  <testcase classname="Test_scripts.TS1_mobile" name="Iphone13_AddToCart" time="20.42"/>
  <testcase classname="Test_scripts.TS1_mobile" name="Oneplus_mobiles_prices" time="10.059"/>
  <testcase classname="Test_scripts.TS2_fashion" name="Newest_Fastrack_watch" time="14.443"/>
  <testcase classname="Test_scripts.TS2_fashion" name="Random_FT" time="64.202"/>
</testsuite> <!-- Test -->
