<?xml version="1.0" encoding="UTF-8"?>
<testng-results ignored="1" total="2" passed="1" failed="0" skipped="0">
  <reporter-output>
    <line>
      <![CDATA[Test script is pass]]>
    </line>
  </reporter-output>
  <suite started-at="2023-02-04T20:23:26 IST" name="Default suite" finished-at="2023-02-04T20:25:08 IST" duration-ms="101556">
    <groups>
    </groups>
    <test started-at="2023-02-04T20:23:26 IST" name="Default test" finished-at="2023-02-04T20:25:08 IST" duration-ms="101556">
      <class name="Test_scripts.TS2_fashion">
        <test-method is-config="true" signature="launch_browser()[pri:0, instance:Test_scripts.TS2_fashion@618425b5]" started-at="2023-02-04T20:23:26 IST" name="launch_browser" finished-at="2023-02-04T20:23:50 IST" duration-ms="23323" status="PASS">
          <reporter-output>
          </reporter-output>
        </test-method> <!-- launch_browser -->
        <test-method signature="Random_FT()[pri:0, instance:Test_scripts.TS2_fashion@618425b5]" started-at="2023-02-04T20:23:50 IST" name="Random_FT" finished-at="2023-02-04T20:25:03 IST" duration-ms="73150" status="PASS">
          <reporter-output>
            <line>
              <![CDATA[Test script is pass]]>
            </line>
          </reporter-output>
        </test-method> <!-- Random_FT -->
        <test-method is-config="true" signature="closeapp(org.testng.ITestResult)[pri:0, instance:Test_scripts.TS2_fashion@618425b5]" started-at="2023-02-04T20:25:03 IST" name="closeapp" finished-at="2023-02-04T20:25:08 IST" duration-ms="4985" status="PASS">
          <params>
            <param index="0">
              <value>
                <![CDATA[[TestResult name=Random_FT status=SUCCESS method=TS2_fashion.Random_FT()[pri:0, instance:Test_scripts.TS2_fashion@618425b5] output=Test script is pass]]]>
              </value>
            </param>
          </params>
          <reporter-output>
          </reporter-output>
        </test-method> <!-- closeapp -->
      </class> <!-- Test_scripts.TS2_fashion -->
    </test> <!-- Default test -->
  </suite> <!-- Default suite -->
</testng-results>
