<?xml version="1.0" encoding="UTF-8"?>
<!-- Generated by org.testng.reporters.JUnitXMLReporter -->
<testsuite ignored="1" hostname="DESKTOP-2978KLT" failures="0" tests="1" name="Default test" time="45.577" errors="0" timestamp="2023-01-30T18:14:59 IST">
  <testcase classname="Test_scripts.TS2_fashion" name="Random_FT" time="34.209"/>
  <testcase classname="Test_scripts.TS2_fashion" name="Newest_Fastrack_watch" time="0.0">
    <ignored/>
  </testcase> <!-- Newest_Fastrack_watch -->
</testsuite> <!-- Default test -->
